<?xml version="1.0" encoding="UTF-8"?>
<testsuite name="Controller.inputCSVTest" tests="1" skipped="0" failures="0" errors="0" timestamp="2022-05-12T00:55:46" hostname="LAPTOP-R76N3JQM" time="0.012">
  <properties/>
  <testcase name="readCSV()" classname="Controller.inputCSVTest" time="0.012"/>
  <system-out><![CDATA[[1, Finish HW9, false, ?, 1, school]
[2, Study for finals, false, ?, 2, school]
[3, Clean the house, false, ?, 3, home]
[4, Mail passport, true, ?, ?, ?]
[5, Buy yarn for blanket, stuffed toy, true, ?, ?, home]
]]></system-out>
  <system-err><![CDATA[]]></system-err>
</testsuite>
